# JRE version: OpenJDK Runtime Environment (8.0_112-b06) (build 1.8.0_112-release-b06)
# Java VM: OpenJDK 64-Bit Server VM (25.112-b06 mixed mode windows-amd64 compressed oops)
Heap:
 PSYoungGen      total 67584K, used 51664K [0x00000000e0000000, 0x00000000e5400000, 0x0000000100000000)
  eden space 60928K, 73% used [0x00000000e0000000,0x00000000e2bf80a0,0x00000000e3b80000)
  from space 6656K, 99% used [0x00000000e3b80000,0x00000000e41fbfe0,0x00000000e4200000)
  to   space 8192K, 0% used [0x00000000e4c00000,0x00000000e4c00000,0x00000000e5400000)
 ParOldGen       total 51712K, used 19372K [0x00000000a0000000, 0x00000000a3280000, 0x00000000e0000000)
  object space 51712K, 37% used [0x00000000a0000000,0x00000000a12eb090,0x00000000a3280000)
 Metaspace       used 44642K, capacity 45692K, committed 45912K, reserved 1089536K
  class space    used 5985K, capacity 6214K, committed 6232K, reserved 1048576K
GC Heap History (10 events):
Event: 74.858 GC heap before
{Heap before GC invocations=15 (full 1):
 PSYoungGen      total 38912K, used 34879K [0x00000000e0000000, 0x00000000e3980000, 0x0000000100000000)
  eden space 32768K, 100% used [0x00000000e0000000,0x00000000e2000000,0x00000000e2000000)
  from space 6144K, 34% used [0x00000000e2000000,0x00000000e220fce8,0x00000000e2600000)
  to   space 6144K, 0% used [0x00000000e3380000,0x00000000e3380000,0x00000000e3980000)
 ParOldGen       total 31744K, used 12779K [0x00000000a0000000, 0x00000000a1f00000, 0x00000000e0000000)
  object space 31744K, 40% used [0x00000000a0000000,0x00000000a0c7ae88,0x00000000a1f00000)
 Metaspace       used 30360K, capacity 30926K, committed 31232K, reserved 1077248K
  class space    used 4139K, capacity 4284K, committed 4352K, reserved 1048576K
Event: 74.876 GC heap after
Heap after GC invocations=15 (full 1):
 PSYoungGen      total 51712K, used 1600K [0x00000000e0000000, 0x00000000e3980000, 0x0000000100000000)
  eden space 45568K, 0% used [0x00000000e0000000,0x00000000e0000000,0x00000000e2c80000)
  from space 6144K, 26% used [0x00000000e3380000,0x00000000e3510000,0x00000000e3980000)
  to   space 6656K, 0% used [0x00000000e2c80000,0x00000000e2c80000,0x00000000e3300000)
 ParOldGen       total 31744K, used 13547K [0x00000000a0000000, 0x00000000a1f00000, 0x00000000e0000000)
  object space 31744K, 42% used [0x00000000a0000000,0x00000000a0d3aea8,0x00000000a1f00000)
 Metaspace       used 30360K, capacity 30926K, committed 31232K, reserved 1077248K
  class space    used 4139K, capacity 4284K, committed 4352K, reserved 1048576K
}
Event: 77.204 GC heap before
{Heap before GC invocations=16 (full 1):
 PSYoungGen      total 51712K, used 33903K [0x00000000e0000000, 0x00000000e3980000, 0x0000000100000000)
  eden space 45568K, 70% used [0x00000000e0000000,0x00000000e1f8bfb8,0x00000000e2c80000)
  from space 6144K, 26% used [0x00000000e3380000,0x00000000e3510000,0x00000000e3980000)
  to   space 6656K, 0% used [0x00000000e2c80000,0x00000000e2c80000,0x00000000e3300000)
 ParOldGen       total 31744K, used 13547K [0x00000000a0000000, 0x00000000a1f00000, 0x00000000e0000000)
  object space 31744K, 42% used [0x00000000a0000000,0x00000000a0d3aea8,0x00000000a1f00000)
 Metaspace       used 34574K, capacity 35252K, committed 35416K, reserved 1079296K
  class space    used 4656K, capacity 4881K, committed 4952K, reserved 1048576K
Event: 77.222 GC heap after
Heap after GC invocations=16 (full 1):
 PSYoungGen      total 52224K, used 4543K [0x00000000e0000000, 0x00000000e4a80000, 0x0000000100000000)
  eden space 45568K, 0% used [0x00000000e0000000,0x00000000e0000000,0x00000000e2c80000)
  from space 6656K, 68% used [0x00000000e2c80000,0x00000000e30efc70,0x00000000e3300000)
  to   space 6656K, 0% used [0x00000000e4400000,0x00000000e4400000,0x00000000e4a80000)
 ParOldGen       total 31744K, used 14663K [0x00000000a0000000, 0x00000000a1f00000, 0x00000000e0000000)
  object space 31744K, 46% used [0x00000000a0000000,0x00000000a0e51ec8,0x00000000a1f00000)
 Metaspace       used 34574K, capacity 35252K, committed 35416K, reserved 1079296K
  class space    used 4656K, capacity 4881K, committed 4952K, reserved 1048576K
}
Event: 77.222 GC heap before
{Heap before GC invocations=17 (full 2):
 PSYoungGen      total 52224K, used 4543K [0x00000000e0000000, 0x00000000e4a80000, 0x0000000100000000)
  eden space 45568K, 0% used [0x00000000e0000000,0x00000000e0000000,0x00000000e2c80000)
  from space 6656K, 68% used [0x00000000e2c80000,0x00000000e30efc70,0x00000000e3300000)
  to   space 6656K, 0% used [0x00000000e4400000,0x00000000e4400000,0x00000000e4a80000)
 ParOldGen       total 31744K, used 14663K [0x00000000a0000000, 0x00000000a1f00000, 0x00000000e0000000)
  object space 31744K, 46% used [0x00000000a0000000,0x00000000a0e51ec8,0x00000000a1f00000)
 Metaspace       used 34574K, capacity 35252K, committed 35416K, reserved 1079296K
  class space    used 4656K, capacity 4881K, committed 4952K, reserved 1048576K
Event: 77.541 GC heap after
Heap after GC invocations=17 (full 2):
 PSYoungGen      total 52224K, used 0K [0x00000000e0000000, 0x00000000e4a80000, 0x0000000100000000)
  eden space 45568K, 0% used [0x00000000e0000000,0x00000000e0000000,0x00000000e2c80000)
  from space 6656K, 0% used [0x00000000e2c80000,0x00000000e2c80000,0x00000000e3300000)
  to   space 6656K, 0% used [0x00000000e4400000,0x00000000e4400000,0x00000000e4a80000)
 ParOldGen       total 51712K, used 17030K [0x00000000a0000000, 0x00000000a3280000, 0x00000000e0000000)
  object space 51712K, 32% used [0x00000000a0000000,0x00000000a10a1b10,0x00000000a3280000)
 Metaspace       used 34574K, capacity 35252K, committed 35416K, reserved 1079296K
  class space    used 4656K, capacity 4881K, committed 4952K, reserved 1048576K
}
Event: 79.606 GC heap before
{Heap before GC invocations=18 (full 2):
 PSYoungGen      total 52224K, used 45568K [0x00000000e0000000, 0x00000000e4a80000, 0x0000000100000000)
  eden space 45568K, 100% used [0x00000000e0000000,0x00000000e2c80000,0x00000000e2c80000)
  from space 6656K, 0% used [0x00000000e2c80000,0x00000000e2c80000,0x00000000e3300000)
  to   space 6656K, 0% used [0x00000000e4400000,0x00000000e4400000,0x00000000e4a80000)
 ParOldGen       total 51712K, used 17030K [0x00000000a0000000, 0x00000000a3280000, 0x00000000e0000000)
  object space 51712K, 32% used [0x00000000a0000000,0x00000000a10a1b10,0x00000000a3280000)
 Metaspace       used 36770K, capacity 37486K, committed 37720K, reserved 1081344K
  class space    used 4923K, capacity 5122K, committed 5208K, reserved 1048576K
Event: 79.633 GC heap after
Heap after GC invocations=18 (full 2):
 PSYoungGen      total 63488K, used 4138K [0x00000000e0000000, 0x00000000e4880000, 0x0000000100000000)
  eden space 58880K, 0% used [0x00000000e0000000,0x00000000e0000000,0x00000000e3980000)
  from space 4608K, 89% used [0x00000000e4400000,0x00000000e480aba8,0x00000000e4880000)
  to   space 6656K, 0% used [0x00000000e3b80000,0x00000000e3b80000,0x00000000e4200000)
 ParOldGen       total 51712K, used 17038K [0x00000000a0000000, 0x00000000a3280000, 0x00000000e0000000)
  object space 51712K, 32% used [0x00000000a0000000,0x00000000a10a3b10,0x00000000a3280000)
 Metaspace       used 36770K, capacity 37486K, committed 37720K, reserved 1081344K
  class space    used 4923K, capacity 5122K, committed 5208K, reserved 1048576K
}
Event: 87.548 GC heap before
{Heap before GC invocations=19 (full 2):
 PSYoungGen      total 63488K, used 63018K [0x00000000e0000000, 0x00000000e4880000, 0x0000000100000000)
  eden space 58880K, 100% used [0x00000000e0000000,0x00000000e3980000,0x00000000e3980000)
  from space 4608K, 89% used [0x00000000e4400000,0x00000000e480aba8,0x00000000e4880000)
  to   space 6656K, 0% used [0x00000000e3b80000,0x00000000e3b80000,0x00000000e4200000)
 ParOldGen       total 51712K, used 17038K [0x00000000a0000000, 0x00000000a3280000, 0x00000000e0000000)
  object space 51712K, 32% used [0x00000000a0000000,0x00000000a10a3b10,0x00000000a3280000)
 Metaspace       used 42768K, capacity 43646K, committed 43992K, reserved 1087488K
  class space    used 5756K, capacity 6001K, committed 6104K, reserved 1048576K
Event: 87.589 GC heap after
Heap after GC invocations=19 (full 2):
 PSYoungGen      total 67584K, used 6639K [0x00000000e0000000, 0x00000000e5400000, 0x0000000100000000)
  eden space 60928K, 0% used [0x00000000e0000000,0x00000000e0000000,0x00000000e3b80000)
  from space 6656K, 99% used [0x00000000e3b80000,0x00000000e41fbfe0,0x00000000e4200000)
  to   space 8192K, 0% used [0x00000000e4c00000,0x00000000e4c00000,0x00000000e5400000)
 ParOldGen       total 51712K, used 19372K [0x00000000a0000000, 0x00000000a3280000, 0x00000000e0000000)
  object space 51712K, 37% used [0x00000000a0000000,0x00000000a12eb090,0x00000000a3280000)
 Metaspace       used 42768K, capacity 43646K, committed 43992K, reserved 1087488K
  class space    used 5756K, capacity 6001K, committed 6104K, reserved 1048576K
}

